[2026-03-04 07:00:01] Starting content generation...
🎯 StackMatrices X Content Generator - Mixed Format
============================================================
Format distribution:
  30% Short (1 tweet)
  50% Medium (2-3 tweets)
  20% Long Thread (5-6 tweets)
============================================================

✅ Generated: content_20260304_070001
Format: MEDIUM
Topic: Content Authority
Tweets: 3

============================================================
📝 TODAY'S CONTENT (3 tweets):
============================================================

--- Tweet 1/3 ---
AI doesn't just want keywords.

It wants expertise.

Write content that demonstrates:
• First-hand experience
• Specific outcomes
• Actual results
• Real patient stories

--- Tweet 2/3 ---
Generic content gets ignored.
Authoritative content gets cited.

The difference:
• 'We provide quality care' vs
• '98% success rate over 500+ procedures'

--- Tweet 3/3 ---
Start today:
Add specific metrics to every service page.

→ Need ideas? Reply 'CONTENT' 👇

============================================================
Hashtags: #ContentMarketing #Authority #GEO
============================================================

💡 Posting Guide:
→ Post 2-3 tweets in sequence

📊 Content pools:
  Short: 6 | Medium: 8 | Long: 3
[2026-03-04 07:00:01] Done
---
[2026-03-05 07:00:01] Starting content generation...
🎯 StackMatrices X Content Generator - Mixed Format
============================================================
Format distribution:
  30% Short (1 tweet)
  50% Medium (2-3 tweets)
  20% Long Thread (5-6 tweets)
============================================================

✅ Generated: content_20260305_070001
Format: MEDIUM
Topic: Review Optimization
Tweets: 3

============================================================
📝 TODAY'S CONTENT (3 tweets):
============================================================

--- Tweet 1/3 ---
AI doesn't just check star ratings.

It reads individual reviews.

What AI wants:
• Detailed patient experiences
• Specific procedure outcomes
• Before/after (with consent)
• Verified reviews

--- Tweet 2/3 ---
Quantity means nothing.
Authenticity means everything.

Encourage detailed reviews.
Train staff to ask.

--- Tweet 3/3 ---
→ Want a review optimization plan?
Reply 'REVIEWS' 👇

============================================================
Hashtags: #Reviews #Reputation #MedicalSEO
============================================================

💡 Posting Guide:
→ Post 2-3 tweets in sequence

📊 Content pools:
  Short: 6 | Medium: 8 | Long: 3
[2026-03-05 07:00:01] Done
---
